# JRE version: OpenJDK Runtime Environment Temurin-21.0.10+7 (21.0.10+7) (build 21.0.10+7-LTS)
# Java VM: OpenJDK 64-Bit Server VM Temurin-21.0.10+7 (21.0.10+7-LTS, mixed mode, sharing, tiered, compressed oops, compressed class ptrs, parallel gc, windows-amd64)
GC Precious Log:
 CardTable entry size: 512
 CPUs: 4 total, 4 available
 Memory: 7932M
 Large Page Support: Disabled
 NUMA Support: Disabled
 Compressed Oops: Enabled (32-bit)
 Alignments: Space 512K, Generation 512K, Heap 2M
 Heap Min Capacity: 100M
 Heap Initial Capacity: 100M
 Heap Max Capacity: 2G
 Pre-touch: Disabled
 Parallel Workers: 4
Heap:
 PSYoungGen      total 8704K, used 2956K [0x00000000d5580000, 0x00000000d6900000, 0x0000000100000000)
  eden space 7680K, 25% used [0x00000000d5580000,0x00000000d5769708,0x00000000d5d00000)
  from space 1024K, 97% used [0x00000000d5d00000,0x00000000d5df9aa8,0x00000000d5e00000)
  to   space 6144K, 0% used [0x00000000d6300000,0x00000000d6300000,0x00000000d6900000)
 ParOldGen       total 120832K, used 77669K [0x0000000080000000, 0x0000000087600000, 0x00000000d5580000)
  object space 120832K, 64% used [0x0000000080000000,0x0000000084bd9788,0x0000000087600000)
 Metaspace       used 73368K, committed 74880K, reserved 1179648K
  class space    used 7335K, committed 8000K, reserved 1048576K
GC Heap History (20 events):
Event: 170.773 GC heap before
{Heap before GC invocations=124 (full 4):
 PSYoungGen      total 10752K, used 10014K [0x00000000d5580000, 0x00000000d6100000, 0x0000000100000000)
  eden space 9216K, 99% used [0x00000000d5580000,0x00000000d5e7fb50,0x00000000d5e80000)
  from space 1536K, 52% used [0x00000000d5e80000,0x00000000d5f48020,0x00000000d6000000)
  to   space 1024K, 0% used [0x00000000d6000000,0x00000000d6000000,0x00000000d6100000)
 ParOldGen       total 120832K, used 69651K [0x0000000080000000, 0x0000000087600000, 0x00000000d5580000)
  object space 120832K, 57% used [0x0000000080000000,0x0000000084404f78,0x0000000087600000)
 Metaspace       used 72618K, committed 74112K, reserved 1179648K
  class space    used 7283K, committed 7936K, reserved 1048576K
}
Event: 170.775 GC heap after
{Heap after GC invocations=124 (full 4):
 PSYoungGen      total 9728K, used 448K [0x00000000d5580000, 0x00000000d6080000, 0x0000000100000000)
  eden space 9216K, 0% used [0x00000000d5580000,0x00000000d5580000,0x00000000d5e80000)
  from space 512K, 87% used [0x00000000d6000000,0x00000000d6070040,0x00000000d6080000)
  to   space 1024K, 0% used [0x00000000d5e80000,0x00000000d5e80000,0x00000000d5f80000)
 ParOldGen       total 120832K, used 70297K [0x0000000080000000, 0x0000000087600000, 0x00000000d5580000)
  object space 120832K, 58% used [0x0000000080000000,0x00000000844a6428,0x0000000087600000)
 Metaspace       used 72618K, committed 74112K, reserved 1179648K
  class space    used 7283K, committed 7936K, reserved 1048576K
}
Event: 171.026 GC heap before
{Heap before GC invocations=125 (full 4):
 PSYoungGen      total 9728K, used 9664K [0x00000000d5580000, 0x00000000d6080000, 0x0000000100000000)
  eden space 9216K, 100% used [0x00000000d5580000,0x00000000d5e80000,0x00000000d5e80000)
  from space 512K, 87% used [0x00000000d6000000,0x00000000d6070040,0x00000000d6080000)
  to   space 1024K, 0% used [0x00000000d5e80000,0x00000000d5e80000,0x00000000d5f80000)
 ParOldGen       total 120832K, used 70297K [0x0000000080000000, 0x0000000087600000, 0x00000000d5580000)
  object space 120832K, 58% used [0x0000000080000000,0x00000000844a6428,0x0000000087600000)
 Metaspace       used 72642K, committed 74176K, reserved 1179648K
  class space    used 7284K, committed 7936K, reserved 1048576K
}
Event: 171.028 GC heap after
{Heap after GC invocations=125 (full 4):
 PSYoungGen      total 10240K, used 672K [0x00000000d5580000, 0x00000000d6080000, 0x0000000100000000)
  eden space 9216K, 0% used [0x00000000d5580000,0x00000000d5580000,0x00000000d5e80000)
  from space 1024K, 65% used [0x00000000d5e80000,0x00000000d5f28000,0x00000000d5f80000)
  to   space 1024K, 0% used [0x00000000d5f80000,0x00000000d5f80000,0x00000000d6080000)
 ParOldGen       total 120832K, used 70585K [0x0000000080000000, 0x0000000087600000, 0x00000000d5580000)
  object space 120832K, 58% used [0x0000000080000000,0x00000000844ee428,0x0000000087600000)
 Metaspace       used 72642K, committed 74176K, reserved 1179648K
  class space    used 7284K, committed 7936K, reserved 1048576K
}
Event: 172.004 GC heap before
{Heap before GC invocations=126 (full 4):
 PSYoungGen      total 10240K, used 9888K [0x00000000d5580000, 0x00000000d6080000, 0x0000000100000000)
  eden space 9216K, 100% used [0x00000000d5580000,0x00000000d5e80000,0x00000000d5e80000)
  from space 1024K, 65% used [0x00000000d5e80000,0x00000000d5f28000,0x00000000d5f80000)
  to   space 1024K, 0% used [0x00000000d5f80000,0x00000000d5f80000,0x00000000d6080000)
 ParOldGen       total 120832K, used 70585K [0x0000000080000000, 0x0000000087600000, 0x00000000d5580000)
  object space 120832K, 58% used [0x0000000080000000,0x00000000844ee428,0x0000000087600000)
 Metaspace       used 72696K, committed 74176K, reserved 1179648K
  class space    used 7284K, committed 7936K, reserved 1048576K
}
Event: 172.006 GC heap after
{Heap after GC invocations=126 (full 4):
 PSYoungGen      total 8704K, used 1024K [0x00000000d5580000, 0x00000000d6380000, 0x0000000100000000)
  eden space 7680K, 0% used [0x00000000d5580000,0x00000000d5580000,0x00000000d5d00000)
  from space 1024K, 100% used [0x00000000d5f80000,0x00000000d6080000,0x00000000d6080000)
  to   space 2560K, 0% used [0x00000000d5d00000,0x00000000d5d00000,0x00000000d5f80000)
 ParOldGen       total 120832K, used 71573K [0x0000000080000000, 0x0000000087600000, 0x00000000d5580000)
  object space 120832K, 59% used [0x0000000080000000,0x00000000845e5468,0x0000000087600000)
 Metaspace       used 72696K, committed 74176K, reserved 1179648K
  class space    used 7284K, committed 7936K, reserved 1048576K
}
Event: 173.354 GC heap before
{Heap before GC invocations=127 (full 4):
 PSYoungGen      total 8704K, used 8704K [0x00000000d5580000, 0x00000000d6380000, 0x0000000100000000)
  eden space 7680K, 100% used [0x00000000d5580000,0x00000000d5d00000,0x00000000d5d00000)
  from space 1024K, 100% used [0x00000000d5f80000,0x00000000d6080000,0x00000000d6080000)
  to   space 2560K, 0% used [0x00000000d5d00000,0x00000000d5d00000,0x00000000d5f80000)
 ParOldGen       total 120832K, used 71573K [0x0000000080000000, 0x0000000087600000, 0x00000000d5580000)
  object space 120832K, 59% used [0x0000000080000000,0x00000000845e5468,0x0000000087600000)
 Metaspace       used 72749K, committed 74240K, reserved 1179648K
  class space    used 7284K, committed 7936K, reserved 1048576K
}
Event: 173.356 GC heap after
{Heap after GC invocations=127 (full 4):
 PSYoungGen      total 8704K, used 608K [0x00000000d5580000, 0x00000000d6000000, 0x0000000100000000)
  eden space 7680K, 0% used [0x00000000d5580000,0x00000000d5580000,0x00000000d5d00000)
  from space 1024K, 59% used [0x00000000d5d00000,0x00000000d5d98000,0x00000000d5e00000)
  to   space 1536K, 0% used [0x00000000d5e80000,0x00000000d5e80000,0x00000000d6000000)
 ParOldGen       total 120832K, used 71993K [0x0000000080000000, 0x0000000087600000, 0x00000000d5580000)
  object space 120832K, 59% used [0x0000000080000000,0x000000008464e478,0x0000000087600000)
 Metaspace       used 72749K, committed 74240K, reserved 1179648K
  class space    used 7284K, committed 7936K, reserved 1048576K
}
Event: 173.677 GC heap before
{Heap before GC invocations=128 (full 4):
 PSYoungGen      total 8704K, used 8288K [0x00000000d5580000, 0x00000000d6000000, 0x0000000100000000)
  eden space 7680K, 100% used [0x00000000d5580000,0x00000000d5d00000,0x00000000d5d00000)
  from space 1024K, 59% used [0x00000000d5d00000,0x00000000d5d98000,0x00000000d5e00000)
  to   space 1536K, 0% used [0x00000000d5e80000,0x00000000d5e80000,0x00000000d6000000)
 ParOldGen       total 120832K, used 71993K [0x0000000080000000, 0x0000000087600000, 0x00000000d5580000)
  object space 120832K, 59% used [0x0000000080000000,0x000000008464e478,0x0000000087600000)
 Metaspace       used 72774K, committed 74304K, reserved 1179648K
  class space    used 7284K, committed 7936K, reserved 1048576K
}
Event: 173.680 GC heap after
{Heap after GC invocations=128 (full 4):
 PSYoungGen      total 8704K, used 672K [0x00000000d5580000, 0x00000000d5f80000, 0x0000000100000000)
  eden space 7680K, 0% used [0x00000000d5580000,0x00000000d5580000,0x00000000d5d00000)
  from space 1024K, 65% used [0x00000000d5e80000,0x00000000d5f28000,0x00000000d5f80000)
  to   space 1024K, 0% used [0x00000000d5d00000,0x00000000d5d00000,0x00000000d5e00000)
 ParOldGen       total 120832K, used 72401K [0x0000000080000000, 0x0000000087600000, 0x00000000d5580000)
  object space 120832K, 59% used [0x0000000080000000,0x00000000846b4478,0x0000000087600000)
 Metaspace       used 72774K, committed 74304K, reserved 1179648K
  class space    used 7284K, committed 7936K, reserved 1048576K
}
Event: 174.614 GC heap before
{Heap before GC invocations=129 (full 4):
 PSYoungGen      total 8704K, used 8352K [0x00000000d5580000, 0x00000000d5f80000, 0x0000000100000000)
  eden space 7680K, 100% used [0x00000000d5580000,0x00000000d5d00000,0x00000000d5d00000)
  from space 1024K, 65% used [0x00000000d5e80000,0x00000000d5f28000,0x00000000d5f80000)
  to   space 1024K, 0% used [0x00000000d5d00000,0x00000000d5d00000,0x00000000d5e00000)
 ParOldGen       total 120832K, used 72401K [0x0000000080000000, 0x0000000087600000, 0x00000000d5580000)
  object space 120832K, 59% used [0x0000000080000000,0x00000000846b4478,0x0000000087600000)
 Metaspace       used 73092K, committed 74624K, reserved 1179648K
  class space    used 7314K, committed 8000K, reserved 1048576K
}
Event: 174.622 GC heap after
{Heap after GC invocations=129 (full 4):
 PSYoungGen      total 8704K, used 480K [0x00000000d5580000, 0x00000000d5f00000, 0x0000000100000000)
  eden space 7680K, 0% used [0x00000000d5580000,0x00000000d5580000,0x00000000d5d00000)
  from space 1024K, 46% used [0x00000000d5d00000,0x00000000d5d78000,0x00000000d5e00000)
  to   space 1024K, 0% used [0x00000000d5e00000,0x00000000d5e00000,0x00000000d5f00000)
 ParOldGen       total 120832K, used 72777K [0x0000000080000000, 0x0000000087600000, 0x00000000d5580000)
  object space 120832K, 60% used [0x0000000080000000,0x0000000084712478,0x0000000087600000)
 Metaspace       used 73092K, committed 74624K, reserved 1179648K
  class space    used 7314K, committed 8000K, reserved 1048576K
}
Event: 176.036 GC heap before
{Heap before GC invocations=130 (full 4):
 PSYoungGen      total 8704K, used 8160K [0x00000000d5580000, 0x00000000d5f00000, 0x0000000100000000)
  eden space 7680K, 100% used [0x00000000d5580000,0x00000000d5d00000,0x00000000d5d00000)
  from space 1024K, 46% used [0x00000000d5d00000,0x00000000d5d78000,0x00000000d5e00000)
  to   space 1024K, 0% used [0x00000000d5e00000,0x00000000d5e00000,0x00000000d5f00000)
 ParOldGen       total 120832K, used 72777K [0x0000000080000000, 0x0000000087600000, 0x00000000d5580000)
  object space 120832K, 60% used [0x0000000080000000,0x0000000084712478,0x0000000087600000)
 Metaspace       used 73193K, committed 74752K, reserved 1179648K
  class space    used 7329K, committed 8000K, reserved 1048576K
}
Event: 176.039 GC heap after
{Heap after GC invocations=130 (full 4):
 PSYoungGen      total 8192K, used 128K [0x00000000d5580000, 0x00000000d5e80000, 0x0000000100000000)
  eden space 7680K, 0% used [0x00000000d5580000,0x00000000d5580000,0x00000000d5d00000)
  from space 512K, 25% used [0x00000000d5e00000,0x00000000d5e20000,0x00000000d5e80000)
  to   space 512K, 0% used [0x00000000d5d80000,0x00000000d5d80000,0x00000000d5e00000)
 ParOldGen       total 120832K, used 73165K [0x0000000080000000, 0x0000000087600000, 0x00000000d5580000)
  object space 120832K, 60% used [0x0000000080000000,0x00000000847736f8,0x0000000087600000)
 Metaspace       used 73193K, committed 74752K, reserved 1179648K
  class space    used 7329K, committed 8000K, reserved 1048576K
}
Event: 187.721 GC heap before
{Heap before GC invocations=131 (full 4):
 PSYoungGen      total 8192K, used 7808K [0x00000000d5580000, 0x00000000d5e80000, 0x0000000100000000)
  eden space 7680K, 100% used [0x00000000d5580000,0x00000000d5d00000,0x00000000d5d00000)
  from space 512K, 25% used [0x00000000d5e00000,0x00000000d5e20000,0x00000000d5e80000)
  to   space 512K, 0% used [0x00000000d5d80000,0x00000000d5d80000,0x00000000d5e00000)
 ParOldGen       total 120832K, used 73165K [0x0000000080000000, 0x0000000087600000, 0x00000000d5580000)
  object space 120832K, 60% used [0x0000000080000000,0x00000000847736f8,0x0000000087600000)
 Metaspace       used 73240K, committed 74752K, reserved 1179648K
  class space    used 7332K, committed 8000K, reserved 1048576K
}
Event: 187.723 GC heap after
{Heap after GC invocations=131 (full 4):
 PSYoungGen      total 8192K, used 160K [0x00000000d5580000, 0x00000000d5e80000, 0x0000000100000000)
  eden space 7680K, 0% used [0x00000000d5580000,0x00000000d5580000,0x00000000d5d00000)
  from space 512K, 31% used [0x00000000d5d80000,0x00000000d5da8000,0x00000000d5e00000)
  to   space 512K, 0% used [0x00000000d5e00000,0x00000000d5e00000,0x00000000d5e80000)
 ParOldGen       total 120832K, used 73221K [0x0000000080000000, 0x0000000087600000, 0x00000000d5580000)
  object space 120832K, 60% used [0x0000000080000000,0x00000000847816f8,0x0000000087600000)
 Metaspace       used 73240K, committed 74752K, reserved 1179648K
  class space    used 7332K, committed 8000K, reserved 1048576K
}
Event: 192.055 GC heap before
{Heap before GC invocations=132 (full 4):
 PSYoungGen      total 8192K, used 7839K [0x00000000d5580000, 0x00000000d5e80000, 0x0000000100000000)
  eden space 7680K, 99% used [0x00000000d5580000,0x00000000d5cfffc8,0x00000000d5d00000)
  from space 512K, 31% used [0x00000000d5d80000,0x00000000d5da8000,0x00000000d5e00000)
  to   space 512K, 0% used [0x00000000d5e00000,0x00000000d5e00000,0x00000000d5e80000)
 ParOldGen       total 120832K, used 73221K [0x0000000080000000, 0x0000000087600000, 0x00000000d5580000)
  object space 120832K, 60% used [0x0000000080000000,0x00000000847816f8,0x0000000087600000)
 Metaspace       used 73357K, committed 74880K, reserved 1179648K
  class space    used 7335K, committed 8000K, reserved 1048576K
}
Event: 192.057 GC heap after
{Heap after GC invocations=132 (full 4):
 PSYoungGen      total 8192K, used 496K [0x00000000d5580000, 0x00000000d5f00000, 0x0000000100000000)
  eden space 7680K, 0% used [0x00000000d5580000,0x00000000d5580000,0x00000000d5d00000)
  from space 512K, 96% used [0x00000000d5e00000,0x00000000d5e7c050,0x00000000d5e80000)
  to   space 1024K, 0% used [0x00000000d5d00000,0x00000000d5d00000,0x00000000d5e00000)
 ParOldGen       total 120832K, used 73445K [0x0000000080000000, 0x0000000087600000, 0x00000000d5580000)
  object space 120832K, 60% used [0x0000000080000000,0x00000000847b9718,0x0000000087600000)
 Metaspace       used 73357K, committed 74880K, reserved 1179648K
  class space    used 7335K, committed 8000K, reserved 1048576K
}
Event: 193.260 GC heap before
{Heap before GC invocations=133 (full 4):
 PSYoungGen      total 8192K, used 8176K [0x00000000d5580000, 0x00000000d5f00000, 0x0000000100000000)
  eden space 7680K, 100% used [0x00000000d5580000,0x00000000d5d00000,0x00000000d5d00000)
  from space 512K, 96% used [0x00000000d5e00000,0x00000000d5e7c050,0x00000000d5e80000)
  to   space 1024K, 0% used [0x00000000d5d00000,0x00000000d5d00000,0x00000000d5e00000)
 ParOldGen       total 120832K, used 73445K [0x0000000080000000, 0x0000000087600000, 0x00000000d5580000)
  object space 120832K, 60% used [0x0000000080000000,0x00000000847b9718,0x0000000087600000)
 Metaspace       used 73365K, committed 74880K, reserved 1179648K
  class space    used 7335K, committed 8000K, reserved 1048576K
}
Event: 193.271 GC heap after
{Heap after GC invocations=133 (full 4):
 PSYoungGen      total 8704K, used 998K [0x00000000d5580000, 0x00000000d6900000, 0x0000000100000000)
  eden space 7680K, 0% used [0x00000000d5580000,0x00000000d5580000,0x00000000d5d00000)
  from space 1024K, 97% used [0x00000000d5d00000,0x00000000d5df9aa8,0x00000000d5e00000)
  to   space 6144K, 0% used [0x00000000d6300000,0x00000000d6300000,0x00000000d6900000)
 ParOldGen       total 120832K, used 77669K [0x0000000080000000, 0x0000000087600000, 0x00000000d5580000)
  object space 120832K, 64% used [0x0000000080000000,0x0000000084bd9788,0x0000000087600000)
 Metaspace       used 73365K, committed 74880K, reserved 1179648K
  class space    used 7335K, committed 8000K, reserved 1048576K
}

